<?xml version="1.0" encoding="UTF-8"?>
<coverage generated="1593182410389" clover="3.2.0">
  <project timestamp="1593182410389" name="All files">
    <metrics statements="109" coveredstatements="108" conditionals="54" coveredconditionals="52" methods="15" coveredmethods="15" elements="178" coveredelements="175" complexity="0" loc="109" ncloc="109" packages="1" files="2" classes="2"/>
    <file name="liveSessions.js" path="/Users/harinimaniam/workspace/ferex/src/lib/liveSessions.js">
      <metrics statements="73" coveredstatements="72" conditionals="40" coveredconditionals="38" methods="8" coveredmethods="8"/>
      <line num="1" count="1" type="stmt"/>
      <line num="2" count="1" type="stmt"/>
      <line num="3" count="1" type="stmt"/>
      <line num="4" count="1" type="stmt"/>
      <line num="6" count="1" type="stmt"/>
      <line num="7" count="1" type="stmt"/>
      <line num="8" count="1" type="stmt"/>
      <line num="10" count="1" type="stmt"/>
      <line num="11" count="1" type="stmt"/>
      <line num="12" count="1" type="stmt"/>
      <line num="14" count="1" type="stmt"/>
      <line num="26" count="1" type="stmt"/>
      <line num="28" count="11" type="cond" truecount="2" falsecount="0"/>
      <line num="29" count="3" type="stmt"/>
      <line num="32" count="8" type="stmt"/>
      <line num="33" count="8" type="stmt"/>
      <line num="35" count="8" type="stmt"/>
      <line num="37" count="8" type="cond" truecount="4" falsecount="0"/>
      <line num="38" count="4" type="cond" truecount="2" falsecount="0"/>
      <line num="39" count="1" type="stmt"/>
      <line num="40" count="1" type="stmt"/>
      <line num="42" count="4" type="stmt"/>
      <line num="45" count="4" type="cond" truecount="2" falsecount="0"/>
      <line num="46" count="1" type="stmt"/>
      <line num="47" count="1" type="stmt"/>
      <line num="49" count="4" type="stmt"/>
      <line num="52" count="8" type="stmt"/>
      <line num="54" count="8" type="cond" truecount="2" falsecount="0"/>
      <line num="55" count="3" type="stmt"/>
      <line num="58" count="8" type="stmt"/>
      <line num="61" count="1" type="stmt"/>
      <line num="62" count="3" type="stmt"/>
      <line num="65" count="1" type="stmt"/>
      <line num="66" count="4" type="stmt"/>
      <line num="69" count="1" type="stmt"/>
      <line num="71" count="8" type="cond" truecount="2" falsecount="0"/>
      <line num="72" count="2" type="stmt"/>
      <line num="73" count="2" type="stmt"/>
      <line num="74" count="2" type="stmt"/>
      <line num="77" count="8" type="cond" truecount="2" falsecount="0"/>
      <line num="78" count="3" type="stmt"/>
      <line num="79" count="3" type="stmt"/>
      <line num="80" count="3" type="stmt"/>
      <line num="83" count="8" type="stmt"/>
      <line num="86" count="1" type="stmt"/>
      <line num="88" count="3" type="cond" truecount="2" falsecount="0"/>
      <line num="89" count="2" type="stmt"/>
      <line num="92" count="1" type="stmt"/>
      <line num="94" count="1" type="cond" truecount="3" falsecount="1"/>
      <line num="95" count="1" type="stmt"/>
      <line num="98" count="1" type="cond" truecount="3" falsecount="1"/>
      <line num="99" count="0" type="stmt"/>
      <line num="102" count="1" type="stmt"/>
      <line num="103" count="1" type="stmt"/>
      <line num="105" count="1" type="stmt"/>
      <line num="110" count="3" type="stmt"/>
      <line num="111" count="3" type="stmt"/>
      <line num="116" count="11" type="cond" truecount="2" falsecount="0"/>
      <line num="117" count="1" type="stmt"/>
      <line num="120" count="10" type="cond" truecount="2" falsecount="0"/>
      <line num="121" count="1" type="stmt"/>
      <line num="124" count="9" type="cond" truecount="2" falsecount="0"/>
      <line num="125" count="1" type="stmt"/>
      <line num="128" count="8" type="stmt"/>
      <line num="137" count="8" type="stmt"/>
      <line num="138" count="8" type="stmt"/>
      <line num="140" count="8" type="cond" truecount="4" falsecount="0"/>
      <line num="141" count="4" type="stmt"/>
      <line num="144" count="4" type="cond" truecount="4" falsecount="0"/>
      <line num="145" count="1" type="stmt"/>
      <line num="148" count="3" type="stmt"/>
      <line num="149" count="3" type="stmt"/>
      <line num="151" count="3" type="stmt"/>
    </file>
    <file name="users.js" path="/Users/harinimaniam/workspace/ferex/src/lib/users.js">
      <metrics statements="36" coveredstatements="36" conditionals="14" coveredconditionals="14" methods="7" coveredmethods="7"/>
      <line num="9" count="1" type="stmt"/>
      <line num="10" count="1" type="stmt"/>
      <line num="12" count="1" type="stmt"/>
      <line num="15" count="1" type="stmt"/>
      <line num="18" count="1" type="stmt"/>
      <line num="31" count="12" type="stmt"/>
      <line num="32" count="12" type="stmt"/>
      <line num="34" count="12" type="stmt"/>
      <line num="48" count="1" type="stmt"/>
      <line num="49" count="12" type="stmt"/>
      <line num="50" count="12" type="stmt"/>
      <line num="51" count="12" type="stmt"/>
      <line num="53" count="12" type="cond" truecount="2" falsecount="0"/>
      <line num="54" count="8" type="stmt"/>
      <line num="56" count="12" type="stmt"/>
      <line num="58" count="12" type="stmt"/>
      <line num="60" count="12" type="stmt"/>
      <line num="64" count="4" type="stmt"/>
      <line num="67" count="3" type="stmt"/>
      <line num="72" count="1" type="stmt"/>
      <line num="73" count="7" type="cond" truecount="2" falsecount="0"/>
      <line num="74" count="6" type="stmt"/>
      <line num="76" count="6" type="stmt"/>
      <line num="77" count="6" type="stmt"/>
      <line num="78" count="6" type="cond" truecount="4" falsecount="0"/>
      <line num="79" count="3" type="stmt"/>
      <line num="88" count="1" type="stmt"/>
      <line num="90" count="3" type="cond" truecount="2" falsecount="0"/>
      <line num="91" count="1" type="stmt"/>
      <line num="94" count="2" type="stmt"/>
      <line num="96" count="2" type="cond" truecount="4" falsecount="0"/>
      <line num="97" count="1" type="stmt"/>
      <line num="100" count="1" type="stmt"/>
      <line num="107" count="1" type="stmt"/>
      <line num="108" count="8" type="stmt"/>
      <line num="109" count="8" type="stmt"/>
    </file>
  </project>
</coverage>
