{"/Users/harinimaniam/workspace/ferex/src/lib/users.js": {"path":"/Users/harinimaniam/workspace/ferex/src/lib/users.js","statementMap":{"0":{"start":{"line":8,"column":11},"end":{"line":8,"column":15}},"1":{"start":{"line":9,"column":11},"end":{"line":9,"column":15}},"2":{"start":{"line":12,"column":20},"end":{"line":12,"column":29}},"3":{"start":{"line":15,"column":15},"end":{"line":15,"column":24}},"4":{"start":{"line":17,"column":0},"end":{"line":20,"column":1}},"5":{"start":{"line":18,"column":2},"end":{"line":18,"column":22}},"6":{"start":{"line":19,"column":2},"end":{"line":19,"column":17}},"7":{"start":{"line":32,"column":18},"end":{"line":32,"column":38}},"8":{"start":{"line":33,"column":19},"end":{"line":33,"column":59}},"9":{"start":{"line":35,"column":2},"end":{"line":35,"column":59}},"10":{"start":{"line":49,"column":0},"end":{"line":62,"column":2}},"11":{"start":{"line":50,"column":18},"end":{"line":50,"column":30}},"12":{"start":{"line":51,"column":15},"end":{"line":51,"column":24}},"13":{"start":{"line":52,"column":13},"end":{"line":52,"column":35}},"14":{"start":{"line":54,"column":2},"end":{"line":56,"column":3}},"15":{"start":{"line":55,"column":4},"end":{"line":55,"column":35}},"16":{"start":{"line":57,"column":2},"end":{"line":57,"column":30}},"17":{"start":{"line":59,"column":2},"end":{"line":59,"column":29}},"18":{"start":{"line":61,"column":2},"end":{"line":61,"column":12}},"19":{"start":{"line":65,"column":0},"end":{"line":65,"column":42}},"20":{"start":{"line":65,"column":22},"end":{"line":65,"column":41}},"21":{"start":{"line":68,"column":0},"end":{"line":68,"column":52}},"22":{"start":{"line":68,"column":33},"end":{"line":68,"column":52}},"23":{"start":{"line":73,"column":0},"end":{"line":83,"column":1}},"24":{"start":{"line":74,"column":2},"end":{"line":82,"column":3}},"25":{"start":{"line":75,"column":4},"end":{"line":75,"column":27}},"26":{"start":{"line":77,"column":20},"end":{"line":77,"column":36}},"27":{"start":{"line":78,"column":14},"end":{"line":78,"column":33}},"28":{"start":{"line":79,"column":4},"end":{"line":81,"column":5}},"29":{"start":{"line":80,"column":6},"end":{"line":80,"column":20}},"30":{"start":{"line":88,"column":0},"end":{"line":95,"column":2}},"31":{"start":{"line":90,"column":2},"end":{"line":92,"column":3}},"32":{"start":{"line":91,"column":4},"end":{"line":91,"column":14}},"33":{"start":{"line":94,"column":2},"end":{"line":94,"column":12}}},"fnMap":{"0":{"name":"(anonymous_0)","decl":{"start":{"line":17,"column":15},"end":{"line":17,"column":16}},"loc":{"start":{"line":17,"column":21},"end":{"line":20,"column":1}},"line":17},"1":{"name":"randomID","decl":{"start":{"line":31,"column":9},"end":{"line":31,"column":17}},"loc":{"start":{"line":31,"column":32},"end":{"line":36,"column":1}},"line":31},"2":{"name":"(anonymous_2)","decl":{"start":{"line":49,"column":17},"end":{"line":49,"column":18}},"loc":{"start":{"line":49,"column":41},"end":{"line":62,"column":1}},"line":49},"3":{"name":"(anonymous_3)","decl":{"start":{"line":65,"column":14},"end":{"line":65,"column":15}},"loc":{"start":{"line":65,"column":22},"end":{"line":65,"column":41}},"line":65},"4":{"name":"(anonymous_4)","decl":{"start":{"line":68,"column":20},"end":{"line":68,"column":21}},"loc":{"start":{"line":68,"column":33},"end":{"line":68,"column":52}},"line":68},"5":{"name":"(anonymous_5)","decl":{"start":{"line":73,"column":17},"end":{"line":73,"column":18}},"loc":{"start":{"line":73,"column":25},"end":{"line":83,"column":1}},"line":73},"6":{"name":"(anonymous_6)","decl":{"start":{"line":88,"column":15},"end":{"line":88,"column":16}},"loc":{"start":{"line":88,"column":28},"end":{"line":95,"column":1}},"line":88}},"branchMap":{"0":{"loc":{"start":{"line":54,"column":2},"end":{"line":56,"column":3}},"type":"if","locations":[{"start":{"line":54,"column":2},"end":{"line":56,"column":3}},{"start":{"line":54,"column":2},"end":{"line":56,"column":3}}],"line":54},"1":{"loc":{"start":{"line":74,"column":2},"end":{"line":82,"column":3}},"type":"if","locations":[{"start":{"line":74,"column":2},"end":{"line":82,"column":3}},{"start":{"line":74,"column":2},"end":{"line":82,"column":3}}],"line":74},"2":{"loc":{"start":{"line":79,"column":4},"end":{"line":81,"column":5}},"type":"if","locations":[{"start":{"line":79,"column":4},"end":{"line":81,"column":5}},{"start":{"line":79,"column":4},"end":{"line":81,"column":5}}],"line":79},"3":{"loc":{"start":{"line":79,"column":8},"end":{"line":79,"column":26}},"type":"binary-expr","locations":[{"start":{"line":79,"column":8},"end":{"line":79,"column":11}},{"start":{"line":79,"column":15},"end":{"line":79,"column":26}}],"line":79},"4":{"loc":{"start":{"line":90,"column":2},"end":{"line":92,"column":3}},"type":"if","locations":[{"start":{"line":90,"column":2},"end":{"line":92,"column":3}},{"start":{"line":90,"column":2},"end":{"line":92,"column":3}}],"line":90},"5":{"loc":{"start":{"line":90,"column":5},"end":{"line":90,"column":56}},"type":"binary-expr","locations":[{"start":{"line":90,"column":5},"end":{"line":90,"column":24}},{"start":{"line":90,"column":28},"end":{"line":90,"column":56}}],"line":90}},"s":{"0":1,"1":1,"2":1,"3":1,"4":1,"5":8,"6":8,"7":12,"8":12,"9":12,"10":1,"11":12,"12":12,"13":12,"14":12,"15":8,"16":12,"17":12,"18":12,"19":1,"20":4,"21":1,"22":3,"23":1,"24":7,"25":6,"26":6,"27":6,"28":6,"29":3,"30":1,"31":3,"32":1,"33":2},"f":{"0":8,"1":12,"2":12,"3":4,"4":3,"5":7,"6":3},"b":{"0":[8,4],"1":[6,1],"2":[3,3],"3":[6,5],"4":[1,2],"5":[3,2]},"_coverageSchema":"1a1c01bbd47fc00a2c39e90264f33305004495a9","hash":"01e0030c1dee7fc8a98233eac5d5389d610f135a"}
}
