{"/Users/harinimaniam/workspace/ferex/src/lib/liveSessions.js": {"path":"/Users/harinimaniam/workspace/ferex/src/lib/liveSessions.js","statementMap":{"0":{"start":{"line":1,"column":22},"end":{"line":1,"column":31}},"1":{"start":{"line":2,"column":23},"end":{"line":2,"column":32}},"2":{"start":{"line":3,"column":24},"end":{"line":3,"column":33}},"3":{"start":{"line":4,"column":23},"end":{"line":4,"column":32}},"4":{"start":{"line":6,"column":14},"end":{"line":6,"column":110}},"5":{"start":{"line":7,"column":18},"end":{"line":7,"column":61}},"6":{"start":{"line":8,"column":17},"end":{"line":8,"column":59}},"7":{"start":{"line":10,"column":14},"end":{"line":10,"column":21}},"8":{"start":{"line":11,"column":14},"end":{"line":11,"column":21}},"9":{"start":{"line":12,"column":15},"end":{"line":12,"column":23}},"10":{"start":{"line":14,"column":24},"end":{"line":14,"column":55}},"11":{"start":{"line":26,"column":0},"end":{"line":59,"column":1}},"12":{"start":{"line":28,"column":4},"end":{"line":30,"column":5}},"13":{"start":{"line":29,"column":8},"end":{"line":29,"column":21}},"14":{"start":{"line":32,"column":22},"end":{"line":32,"column":43}},"15":{"start":{"line":33,"column":17},"end":{"line":33,"column":33}},"16":{"start":{"line":35,"column":4},"end":{"line":35,"column":44}},"17":{"start":{"line":37,"column":4},"end":{"line":50,"column":5}},"18":{"start":{"line":38,"column":8},"end":{"line":41,"column":9}},"19":{"start":{"line":39,"column":30},"end":{"line":39,"column":67}},"20":{"start":{"line":40,"column":12},"end":{"line":40,"column":45}},"21":{"start":{"line":42,"column":8},"end":{"line":42,"column":77}},"22":{"start":{"line":45,"column":8},"end":{"line":48,"column":9}},"23":{"start":{"line":46,"column":30},"end":{"line":46,"column":68}},"24":{"start":{"line":47,"column":12},"end":{"line":47,"column":45}},"25":{"start":{"line":49,"column":8},"end":{"line":49,"column":78}},"26":{"start":{"line":52,"column":19},"end":{"line":52,"column":41}},"27":{"start":{"line":54,"column":4},"end":{"line":56,"column":5}},"28":{"start":{"line":55,"column":8},"end":{"line":55,"column":35}},"29":{"start":{"line":58,"column":4},"end":{"line":58,"column":18}},"30":{"start":{"line":61,"column":0},"end":{"line":63,"column":1}},"31":{"start":{"line":62,"column":4},"end":{"line":62,"column":42}},"32":{"start":{"line":65,"column":0},"end":{"line":67,"column":1}},"33":{"start":{"line":66,"column":4},"end":{"line":66,"column":32}},"34":{"start":{"line":69,"column":0},"end":{"line":84,"column":1}},"35":{"start":{"line":71,"column":4},"end":{"line":75,"column":5}},"36":{"start":{"line":72,"column":26},"end":{"line":72,"column":63}},"37":{"start":{"line":73,"column":8},"end":{"line":73,"column":41}},"38":{"start":{"line":74,"column":8},"end":{"line":74,"column":40}},"39":{"start":{"line":77,"column":4},"end":{"line":81,"column":5}},"40":{"start":{"line":78,"column":26},"end":{"line":78,"column":64}},"41":{"start":{"line":79,"column":8},"end":{"line":79,"column":41}},"42":{"start":{"line":80,"column":8},"end":{"line":80,"column":41}},"43":{"start":{"line":83,"column":4},"end":{"line":83,"column":38}},"44":{"start":{"line":86,"column":0},"end":{"line":106,"column":1}},"45":{"start":{"line":88,"column":4},"end":{"line":90,"column":5}},"46":{"start":{"line":89,"column":8},"end":{"line":89,"column":21}},"47":{"start":{"line":92,"column":22},"end":{"line":92,"column":50}},"48":{"start":{"line":94,"column":4},"end":{"line":96,"column":5}},"49":{"start":{"line":95,"column":8},"end":{"line":95,"column":40}},"50":{"start":{"line":98,"column":4},"end":{"line":100,"column":5}},"51":{"start":{"line":99,"column":8},"end":{"line":99,"column":41}},"52":{"start":{"line":102,"column":4},"end":{"line":102,"column":36}},"53":{"start":{"line":103,"column":4},"end":{"line":103,"column":38}},"54":{"start":{"line":105,"column":4},"end":{"line":105,"column":16}},"55":{"start":{"line":110,"column":22},"end":{"line":110,"column":38}},"56":{"start":{"line":111,"column":4},"end":{"line":111,"column":43}},"57":{"start":{"line":116,"column":4},"end":{"line":118,"column":5}},"58":{"start":{"line":117,"column":8},"end":{"line":117,"column":21}},"59":{"start":{"line":120,"column":4},"end":{"line":122,"column":5}},"60":{"start":{"line":121,"column":8},"end":{"line":121,"column":21}},"61":{"start":{"line":124,"column":4},"end":{"line":126,"column":5}},"62":{"start":{"line":125,"column":8},"end":{"line":125,"column":21}},"63":{"start":{"line":128,"column":4},"end":{"line":128,"column":16}},"64":{"start":{"line":137,"column":21},"end":{"line":137,"column":49}},"65":{"start":{"line":138,"column":22},"end":{"line":138,"column":51}},"66":{"start":{"line":140,"column":4},"end":{"line":142,"column":5}},"67":{"start":{"line":141,"column":8},"end":{"line":141,"column":25}},"68":{"start":{"line":144,"column":4},"end":{"line":146,"column":5}},"69":{"start":{"line":145,"column":8},"end":{"line":145,"column":24}},"70":{"start":{"line":148,"column":26},"end":{"line":148,"column":63}},"71":{"start":{"line":149,"column":27},"end":{"line":149,"column":65}},"72":{"start":{"line":151,"column":4},"end":{"line":151,"column":129}}},"fnMap":{"0":{"name":"(anonymous_0)","decl":{"start":{"line":26,"column":22},"end":{"line":26,"column":23}},"loc":{"start":{"line":26,"column":49},"end":{"line":59,"column":1}},"line":26},"1":{"name":"(anonymous_1)","decl":{"start":{"line":61,"column":20},"end":{"line":61,"column":21}},"loc":{"start":{"line":61,"column":35},"end":{"line":63,"column":1}},"line":61},"2":{"name":"(anonymous_2)","decl":{"start":{"line":65,"column":16},"end":{"line":65,"column":17}},"loc":{"start":{"line":65,"column":22},"end":{"line":67,"column":1}},"line":65},"3":{"name":"(anonymous_3)","decl":{"start":{"line":69,"column":16},"end":{"line":69,"column":17}},"loc":{"start":{"line":69,"column":31},"end":{"line":84,"column":1}},"line":69},"4":{"name":"(anonymous_4)","decl":{"start":{"line":86,"column":21},"end":{"line":86,"column":22}},"loc":{"start":{"line":86,"column":35},"end":{"line":106,"column":1}},"line":86},"5":{"name":"saveRunningSession","decl":{"start":{"line":109,"column":9},"end":{"line":109,"column":27}},"loc":{"start":{"line":109,"column":36},"end":{"line":112,"column":1}},"line":109},"6":{"name":"isValid","decl":{"start":{"line":115,"column":9},"end":{"line":115,"column":16}},"loc":{"start":{"line":115,"column":30},"end":{"line":129,"column":1}},"line":115},"7":{"name":"buildAdvice","decl":{"start":{"line":136,"column":9},"end":{"line":136,"column":20}},"loc":{"start":{"line":136,"column":32},"end":{"line":152,"column":1}},"line":136}},"branchMap":{"0":{"loc":{"start":{"line":28,"column":4},"end":{"line":30,"column":5}},"type":"if","locations":[{"start":{"line":28,"column":4},"end":{"line":30,"column":5}},{"start":{"line":28,"column":4},"end":{"line":30,"column":5}}],"line":28},"1":{"loc":{"start":{"line":37,"column":4},"end":{"line":50,"column":5}},"type":"if","locations":[{"start":{"line":37,"column":4},"end":{"line":50,"column":5}},{"start":{"line":37,"column":4},"end":{"line":50,"column":5}}],"line":37},"2":{"loc":{"start":{"line":37,"column":8},"end":{"line":37,"column":40}},"type":"binary-expr","locations":[{"start":{"line":37,"column":8},"end":{"line":37,"column":22}},{"start":{"line":37,"column":26},"end":{"line":37,"column":40}}],"line":37},"3":{"loc":{"start":{"line":38,"column":8},"end":{"line":41,"column":9}},"type":"if","locations":[{"start":{"line":38,"column":8},"end":{"line":41,"column":9}},{"start":{"line":38,"column":8},"end":{"line":41,"column":9}}],"line":38},"4":{"loc":{"start":{"line":45,"column":8},"end":{"line":48,"column":9}},"type":"if","locations":[{"start":{"line":45,"column":8},"end":{"line":48,"column":9}},{"start":{"line":45,"column":8},"end":{"line":48,"column":9}}],"line":45},"5":{"loc":{"start":{"line":54,"column":4},"end":{"line":56,"column":5}},"type":"if","locations":[{"start":{"line":54,"column":4},"end":{"line":56,"column":5}},{"start":{"line":54,"column":4},"end":{"line":56,"column":5}}],"line":54},"6":{"loc":{"start":{"line":71,"column":4},"end":{"line":75,"column":5}},"type":"if","locations":[{"start":{"line":71,"column":4},"end":{"line":75,"column":5}},{"start":{"line":71,"column":4},"end":{"line":75,"column":5}}],"line":71},"7":{"loc":{"start":{"line":77,"column":4},"end":{"line":81,"column":5}},"type":"if","locations":[{"start":{"line":77,"column":4},"end":{"line":81,"column":5}},{"start":{"line":77,"column":4},"end":{"line":81,"column":5}}],"line":77},"8":{"loc":{"start":{"line":88,"column":4},"end":{"line":90,"column":5}},"type":"if","locations":[{"start":{"line":88,"column":4},"end":{"line":90,"column":5}},{"start":{"line":88,"column":4},"end":{"line":90,"column":5}}],"line":88},"9":{"loc":{"start":{"line":94,"column":4},"end":{"line":96,"column":5}},"type":"if","locations":[{"start":{"line":94,"column":4},"end":{"line":96,"column":5}},{"start":{"line":94,"column":4},"end":{"line":96,"column":5}}],"line":94},"10":{"loc":{"start":{"line":94,"column":8},"end":{"line":94,"column":89}},"type":"binary-expr","locations":[{"start":{"line":94,"column":8},"end":{"line":94,"column":36}},{"start":{"line":94,"column":40},"end":{"line":94,"column":89}}],"line":94},"11":{"loc":{"start":{"line":98,"column":4},"end":{"line":100,"column":5}},"type":"if","locations":[{"start":{"line":98,"column":4},"end":{"line":100,"column":5}},{"start":{"line":98,"column":4},"end":{"line":100,"column":5}}],"line":98},"12":{"loc":{"start":{"line":98,"column":8},"end":{"line":98,"column":91}},"type":"binary-expr","locations":[{"start":{"line":98,"column":8},"end":{"line":98,"column":37}},{"start":{"line":98,"column":41},"end":{"line":98,"column":91}}],"line":98},"13":{"loc":{"start":{"line":116,"column":4},"end":{"line":118,"column":5}},"type":"if","locations":[{"start":{"line":116,"column":4},"end":{"line":118,"column":5}},{"start":{"line":116,"column":4},"end":{"line":118,"column":5}}],"line":116},"14":{"loc":{"start":{"line":120,"column":4},"end":{"line":122,"column":5}},"type":"if","locations":[{"start":{"line":120,"column":4},"end":{"line":122,"column":5}},{"start":{"line":120,"column":4},"end":{"line":122,"column":5}}],"line":120},"15":{"loc":{"start":{"line":124,"column":4},"end":{"line":126,"column":5}},"type":"if","locations":[{"start":{"line":124,"column":4},"end":{"line":126,"column":5}},{"start":{"line":124,"column":4},"end":{"line":126,"column":5}}],"line":124},"16":{"loc":{"start":{"line":140,"column":4},"end":{"line":142,"column":5}},"type":"if","locations":[{"start":{"line":140,"column":4},"end":{"line":142,"column":5}},{"start":{"line":140,"column":4},"end":{"line":142,"column":5}}],"line":140},"17":{"loc":{"start":{"line":140,"column":8},"end":{"line":140,"column":30}},"type":"binary-expr","locations":[{"start":{"line":140,"column":8},"end":{"line":140,"column":16}},{"start":{"line":140,"column":20},"end":{"line":140,"column":30}}],"line":140},"18":{"loc":{"start":{"line":144,"column":4},"end":{"line":146,"column":5}},"type":"if","locations":[{"start":{"line":144,"column":4},"end":{"line":146,"column":5}},{"start":{"line":144,"column":4},"end":{"line":146,"column":5}}],"line":144},"19":{"loc":{"start":{"line":144,"column":8},"end":{"line":144,"column":30}},"type":"binary-expr","locations":[{"start":{"line":144,"column":8},"end":{"line":144,"column":17}},{"start":{"line":144,"column":21},"end":{"line":144,"column":30}}],"line":144}},"s":{"0":1,"1":1,"2":1,"3":1,"4":1,"5":1,"6":1,"7":1,"8":1,"9":1,"10":1,"11":1,"12":11,"13":3,"14":8,"15":8,"16":8,"17":8,"18":4,"19":1,"20":1,"21":4,"22":4,"23":1,"24":1,"25":4,"26":8,"27":8,"28":3,"29":8,"30":1,"31":3,"32":1,"33":4,"34":1,"35":8,"36":2,"37":2,"38":2,"39":8,"40":3,"41":3,"42":3,"43":8,"44":1,"45":3,"46":2,"47":1,"48":1,"49":1,"50":1,"51":0,"52":1,"53":1,"54":1,"55":3,"56":3,"57":11,"58":1,"59":10,"60":1,"61":9,"62":1,"63":8,"64":8,"65":8,"66":8,"67":4,"68":4,"69":1,"70":3,"71":3,"72":3},"f":{"0":11,"1":3,"2":4,"3":8,"4":3,"5":3,"6":11,"7":8},"b":{"0":[3,8],"1":[4,4],"2":[8,4],"3":[1,3],"4":[1,3],"5":[3,5],"6":[2,6],"7":[3,5],"8":[2,1],"9":[1,0],"10":[1,1],"11":[0,1],"12":[1,1],"13":[1,10],"14":[1,9],"15":[1,8],"16":[4,4],"17":[8,7],"18":[1,3],"19":[4,4]},"_coverageSchema":"1a1c01bbd47fc00a2c39e90264f33305004495a9","hash":"ed52c5bcd633ddd20cb5d16fad5651ec9e8c4f65"}
,"/Users/harinimaniam/workspace/ferex/src/lib/users.js": {"path":"/Users/harinimaniam/workspace/ferex/src/lib/users.js","statementMap":{"0":{"start":{"line":9,"column":11},"end":{"line":9,"column":15}},"1":{"start":{"line":10,"column":11},"end":{"line":10,"column":15}},"2":{"start":{"line":12,"column":17},"end":{"line":12,"column":43}},"3":{"start":{"line":15,"column":20},"end":{"line":15,"column":29}},"4":{"start":{"line":18,"column":15},"end":{"line":18,"column":24}},"5":{"start":{"line":31,"column":18},"end":{"line":31,"column":38}},"6":{"start":{"line":32,"column":19},"end":{"line":32,"column":59}},"7":{"start":{"line":34,"column":2},"end":{"line":34,"column":63}},"8":{"start":{"line":48,"column":0},"end":{"line":61,"column":2}},"9":{"start":{"line":49,"column":18},"end":{"line":49,"column":30}},"10":{"start":{"line":50,"column":15},"end":{"line":50,"column":24}},"11":{"start":{"line":51,"column":13},"end":{"line":51,"column":36}},"12":{"start":{"line":53,"column":2},"end":{"line":55,"column":3}},"13":{"start":{"line":54,"column":4},"end":{"line":54,"column":35}},"14":{"start":{"line":56,"column":2},"end":{"line":56,"column":30}},"15":{"start":{"line":58,"column":2},"end":{"line":58,"column":30}},"16":{"start":{"line":60,"column":2},"end":{"line":60,"column":12}},"17":{"start":{"line":64,"column":0},"end":{"line":64,"column":42}},"18":{"start":{"line":64,"column":22},"end":{"line":64,"column":41}},"19":{"start":{"line":67,"column":0},"end":{"line":67,"column":52}},"20":{"start":{"line":67,"column":33},"end":{"line":67,"column":52}},"21":{"start":{"line":72,"column":0},"end":{"line":83,"column":1}},"22":{"start":{"line":73,"column":2},"end":{"line":82,"column":3}},"23":{"start":{"line":74,"column":4},"end":{"line":74,"column":27}},"24":{"start":{"line":76,"column":20},"end":{"line":76,"column":36}},"25":{"start":{"line":77,"column":14},"end":{"line":77,"column":33}},"26":{"start":{"line":78,"column":4},"end":{"line":80,"column":5}},"27":{"start":{"line":79,"column":6},"end":{"line":79,"column":20}},"28":{"start":{"line":88,"column":0},"end":{"line":101,"column":2}},"29":{"start":{"line":90,"column":2},"end":{"line":92,"column":3}},"30":{"start":{"line":91,"column":4},"end":{"line":91,"column":20}},"31":{"start":{"line":94,"column":18},"end":{"line":94,"column":30}},"32":{"start":{"line":96,"column":2},"end":{"line":98,"column":3}},"33":{"start":{"line":97,"column":4},"end":{"line":97,"column":36}},"34":{"start":{"line":100,"column":2},"end":{"line":100,"column":34}},"35":{"start":{"line":107,"column":0},"end":{"line":110,"column":1}},"36":{"start":{"line":108,"column":2},"end":{"line":108,"column":22}},"37":{"start":{"line":109,"column":2},"end":{"line":109,"column":17}}},"fnMap":{"0":{"name":"randomID","decl":{"start":{"line":30,"column":9},"end":{"line":30,"column":17}},"loc":{"start":{"line":30,"column":33},"end":{"line":35,"column":1}},"line":30},"1":{"name":"(anonymous_1)","decl":{"start":{"line":48,"column":17},"end":{"line":48,"column":18}},"loc":{"start":{"line":48,"column":41},"end":{"line":61,"column":1}},"line":48},"2":{"name":"(anonymous_2)","decl":{"start":{"line":64,"column":14},"end":{"line":64,"column":15}},"loc":{"start":{"line":64,"column":22},"end":{"line":64,"column":41}},"line":64},"3":{"name":"(anonymous_3)","decl":{"start":{"line":67,"column":20},"end":{"line":67,"column":21}},"loc":{"start":{"line":67,"column":33},"end":{"line":67,"column":52}},"line":67},"4":{"name":"(anonymous_4)","decl":{"start":{"line":72,"column":17},"end":{"line":72,"column":18}},"loc":{"start":{"line":72,"column":25},"end":{"line":83,"column":1}},"line":72},"5":{"name":"(anonymous_5)","decl":{"start":{"line":88,"column":15},"end":{"line":88,"column":16}},"loc":{"start":{"line":88,"column":25},"end":{"line":101,"column":1}},"line":88},"6":{"name":"(anonymous_6)","decl":{"start":{"line":107,"column":16},"end":{"line":107,"column":17}},"loc":{"start":{"line":107,"column":22},"end":{"line":110,"column":1}},"line":107}},"branchMap":{"0":{"loc":{"start":{"line":53,"column":2},"end":{"line":55,"column":3}},"type":"if","locations":[{"start":{"line":53,"column":2},"end":{"line":55,"column":3}},{"start":{"line":53,"column":2},"end":{"line":55,"column":3}}],"line":53},"1":{"loc":{"start":{"line":73,"column":2},"end":{"line":82,"column":3}},"type":"if","locations":[{"start":{"line":73,"column":2},"end":{"line":82,"column":3}},{"start":{"line":73,"column":2},"end":{"line":82,"column":3}}],"line":73},"2":{"loc":{"start":{"line":78,"column":4},"end":{"line":80,"column":5}},"type":"if","locations":[{"start":{"line":78,"column":4},"end":{"line":80,"column":5}},{"start":{"line":78,"column":4},"end":{"line":80,"column":5}}],"line":78},"3":{"loc":{"start":{"line":78,"column":8},"end":{"line":78,"column":26}},"type":"binary-expr","locations":[{"start":{"line":78,"column":8},"end":{"line":78,"column":11}},{"start":{"line":78,"column":15},"end":{"line":78,"column":26}}],"line":78},"4":{"loc":{"start":{"line":90,"column":2},"end":{"line":92,"column":3}},"type":"if","locations":[{"start":{"line":90,"column":2},"end":{"line":92,"column":3}},{"start":{"line":90,"column":2},"end":{"line":92,"column":3}}],"line":90},"5":{"loc":{"start":{"line":96,"column":2},"end":{"line":98,"column":3}},"type":"if","locations":[{"start":{"line":96,"column":2},"end":{"line":98,"column":3}},{"start":{"line":96,"column":2},"end":{"line":98,"column":3}}],"line":96},"6":{"loc":{"start":{"line":96,"column":6},"end":{"line":96,"column":57}},"type":"binary-expr","locations":[{"start":{"line":96,"column":6},"end":{"line":96,"column":25}},{"start":{"line":96,"column":29},"end":{"line":96,"column":57}}],"line":96}},"s":{"0":1,"1":1,"2":1,"3":1,"4":1,"5":12,"6":12,"7":12,"8":1,"9":12,"10":12,"11":12,"12":12,"13":8,"14":12,"15":12,"16":12,"17":1,"18":4,"19":1,"20":3,"21":1,"22":7,"23":6,"24":6,"25":6,"26":6,"27":3,"28":1,"29":3,"30":1,"31":2,"32":2,"33":1,"34":1,"35":1,"36":8,"37":8},"f":{"0":12,"1":12,"2":4,"3":3,"4":7,"5":3,"6":8},"b":{"0":[8,4],"1":[6,1],"2":[3,3],"3":[6,5],"4":[1,2],"5":[1,1],"6":[2,1]},"_coverageSchema":"1a1c01bbd47fc00a2c39e90264f33305004495a9","hash":"7b53a427220c7f5a1956231798f20e04268aa874"}
}
