TN:
SF:src/lib/users.js
FN:17,(anonymous_0)
FN:31,randomID
FN:49,(anonymous_2)
FN:65,(anonymous_3)
FN:68,(anonymous_4)
FN:73,(anonymous_5)
FN:88,(anonymous_6)
FNF:7
FNH:7
FNDA:8,(anonymous_0)
FNDA:12,randomID
FNDA:12,(anonymous_2)
FNDA:4,(anonymous_3)
FNDA:3,(anonymous_4)
FNDA:7,(anonymous_5)
FNDA:3,(anonymous_6)
DA:8,1
DA:9,1
DA:12,1
DA:15,1
DA:17,1
DA:18,8
DA:19,8
DA:32,12
DA:33,12
DA:35,12
DA:49,1
DA:50,12
DA:51,12
DA:52,12
DA:54,12
DA:55,8
DA:57,12
DA:59,12
DA:61,12
DA:65,4
DA:68,3
DA:73,1
DA:74,7
DA:75,6
DA:77,6
DA:78,6
DA:79,6
DA:80,3
DA:88,1
DA:90,3
DA:91,1
DA:94,2
LF:32
LH:32
BRDA:54,0,0,8
BRDA:54,0,1,4
BRDA:74,1,0,6
BRDA:74,1,1,1
BRDA:79,2,0,3
BRDA:79,2,1,3
BRDA:79,3,0,6
BRDA:79,3,1,5
BRDA:90,4,0,1
BRDA:90,4,1,2
BRDA:90,5,0,3
BRDA:90,5,1,2
BRF:12
BRH:12
end_of_record
